<?xml version="1.0" encoding="UTF-8"?>
<!-- Generated by org.testng.reporters.JUnitXMLReporter -->
<testsuite hostname="DESKTOP-MR3QO8E" ignored="0" name="SingleTest" tests="1" failures="1" timestamp="31 Oct 2017 08:48:16 GMT" time="18.077" errors="0">
  <testcase name="testEasy" time="0.25" classname="testproject.testproject.AppTest2">
    <failure type="org.junit.ComparisonFailure" message="expected:&amp;lt;&amp;quot;[nir]&amp;quot;&amp;gt; but was:&amp;lt;&amp;quot;[Demo Guru99 Page]&amp;quot;&amp;gt;">
      <![CDATA[org.junit.ComparisonFailure: expected:<"[nir]"> but was:<"[Demo Guru99 Page]">
	at testproject.testproject.AppTest2.testEasy(AppTest2.java:40)
... Removed 28 stack frames]]>
    </failure>
  </testcase> <!-- testEasy -->
</testsuite> <!-- SingleTest -->
