<?xml version="1.0" encoding="UTF-8"?>
<!-- Generated by org.testng.reporters.JUnitXMLReporter -->
<testsuite hostname="DESKTOP-MR3QO8E" ignored="0" name="Test" tests="1" failures="1" timestamp="30 Oct 2017 16:58:18 GMT" time="26.477" errors="0">
  <testcase name="testEasy" time="0.208" classname="testproject.testproject.AppTest">
    <failure type="java.lang.AssertionError" message="
Expecting:
 &amp;lt;&amp;quot;Demo Guru99 Page&amp;quot;&amp;gt;
to be equal to:
 &amp;lt;&amp;quot;nir&amp;quot;&amp;gt;
but was not.">
      <![CDATA[java.lang.AssertionError: 
Expecting:
 <"Demo Guru99 Page">
to be equal to:
 <"nir">
but was not.
	at testproject.testproject.AppTest.testEasy(AppTest.java:42)
... Removed 25 stack frames]]>
    </failure>
  </testcase> <!-- testEasy -->
</testsuite> <!-- Test -->
