<?xml version="1.0" encoding="UTF-8"?>
<!-- Generated by org.testng.reporters.JUnitXMLReporter -->
<testsuite hostname="DESKTOP-MR3QO8E" ignored="0" name="Test" tests="1" failures="1" timestamp="31 Oct 2017 06:07:50 GMT" time="17.257" errors="0">
  <testcase name="testEasy" time="0.375" classname="testproject.testproject.AppTest">
    <failure type="org.junit.ComparisonFailure" message="expected:&amp;lt;&amp;quot;[nir]&amp;quot;&amp;gt; but was:&amp;lt;&amp;quot;[Demo Guru99 Page]&amp;quot;&amp;gt;">
      <![CDATA[org.junit.ComparisonFailure: expected:<"[nir]"> but was:<"[Demo Guru99 Page]">
	at testproject.testproject.AppTest.testEasy(AppTest.java:43)
... Removed 32 stack frames]]>
    </failure>
  </testcase> <!-- testEasy -->
</testsuite> <!-- Test -->
