<?xml version="1.0" encoding="UTF-8"?>
<testng-results skipped="0" failed="1" ignored="0" total="1" passed="0">
  <reporter-output>
  </reporter-output>
  <suite name="Single" duration-ms="18077" started-at="2017-10-31T08:47:58Z" finished-at="2017-10-31T08:48:16Z">
    <groups>
    </groups>
    <test name="SingleTest" duration-ms="18077" started-at="2017-10-31T08:47:58Z" finished-at="2017-10-31T08:48:16Z">
      <class name="testproject.testproject.AppTest2">
        <test-method status="PASS" signature="beforeTest(java.lang.String)[pri:0, instance:testproject.testproject.AppTest2@60611244]" name="beforeTest" is-config="true" duration-ms="12281" started-at="2017-10-31T10:47:58Z" finished-at="2017-10-31T10:48:10Z">
          <params>
            <param index="0">
              <value>
                <![CDATA[firefox]]>
              </value>
            </param>
          </params>
          <reporter-output>
          </reporter-output>
        </test-method> <!-- beforeTest -->
        <test-method status="FAIL" signature="testEasy()[pri:0, instance:testproject.testproject.AppTest2@60611244]" name="testEasy" duration-ms="250" started-at="2017-10-31T10:48:10Z" finished-at="2017-10-31T10:48:11Z">
          <exception class="org.junit.ComparisonFailure">
            <message>
              <![CDATA[expected:<"[nir]"> but was:<"[Demo Guru99 Page]">]]>
            </message>
            <full-stacktrace>
              <![CDATA[org.junit.ComparisonFailure: expected:<"[nir]"> but was:<"[Demo Guru99 Page]">
	at sun.reflect.NativeConstructorAccessorImpl.newInstance0(Native Method)
	at sun.reflect.NativeConstructorAccessorImpl.newInstance(NativeConstructorAccessorImpl.java:62)
	at sun.reflect.DelegatingConstructorAccessorImpl.newInstance(DelegatingConstructorAccessorImpl.java:45)
	at testproject.testproject.AppTest2.testEasy(AppTest2.java:40)
	at sun.reflect.NativeMethodAccessorImpl.invoke0(Native Method)
	at sun.reflect.NativeMethodAccessorImpl.invoke(NativeMethodAccessorImpl.java:62)
	at sun.reflect.DelegatingMethodAccessorImpl.invoke(DelegatingMethodAccessorImpl.java:43)
	at java.lang.reflect.Method.invoke(Method.java:498)
	at org.testng.internal.MethodInvocationHelper.invokeMethod(MethodInvocationHelper.java:108)
	at org.testng.internal.Invoker.invokeMethod(Invoker.java:669)
	at org.testng.internal.Invoker.invokeTestMethod(Invoker.java:877)
	at org.testng.internal.Invoker.invokeTestMethods(Invoker.java:1201)
	at org.testng.internal.TestMethodWorker.invokeTestMethods(TestMethodWorker.java:125)
	at org.testng.internal.TestMethodWorker.run(TestMethodWorker.java:109)
	at org.testng.TestRunner.privateRun(TestRunner.java:776)
	at org.testng.TestRunner.run(TestRunner.java:634)
	at org.testng.SuiteRunner.runTest(SuiteRunner.java:425)
	at org.testng.SuiteRunner.runSequentially(SuiteRunner.java:420)
	at org.testng.SuiteRunner.privateRun(SuiteRunner.java:385)
	at org.testng.SuiteRunner.run(SuiteRunner.java:334)
	at org.testng.SuiteRunnerWorker.runSuite(SuiteRunnerWorker.java:52)
	at org.testng.SuiteRunnerWorker.run(SuiteRunnerWorker.java:86)
	at org.testng.TestNG.runSuitesSequentially(TestNG.java:1318)
	at org.testng.TestNG.runSuitesLocally(TestNG.java:1243)
	at org.testng.TestNG.runSuites(TestNG.java:1161)
	at org.testng.TestNG.run(TestNG.java:1129)
	at org.testng.remote.AbstractRemoteTestNG.run(AbstractRemoteTestNG.java:114)
	at org.testng.remote.RemoteTestNG.initAndRun(RemoteTestNG.java:251)
	at org.testng.remote.RemoteTestNG.main(RemoteTestNG.java:77)
]]>
            </full-stacktrace>
          </exception> <!-- org.junit.ComparisonFailure -->
          <reporter-output>
          </reporter-output>
        </test-method> <!-- testEasy -->
        <test-method status="PASS" signature="takeScreenShotOnFailure(org.testng.ITestResult)[pri:0, instance:testproject.testproject.AppTest2@60611244]" name="takeScreenShotOnFailure" is-config="true" duration-ms="1627" started-at="2017-10-31T10:48:11Z" finished-at="2017-10-31T10:48:12Z">
          <params>
            <param index="0">
              <value>
                <![CDATA[[TestResult name=testEasy status=FAILURE method=AppTest2.testEasy()[pri:0, instance:testproject.testproject.AppTest2@60611244] output={null}]]]>
              </value>
            </param>
          </params>
          <reporter-output>
          </reporter-output>
        </test-method> <!-- takeScreenShotOnFailure -->
        <test-method status="PASS" signature="afterTest()[pri:0, instance:testproject.testproject.AppTest2@60611244]" name="afterTest" is-config="true" duration-ms="3840" started-at="2017-10-31T10:48:12Z" finished-at="2017-10-31T10:48:16Z">
          <reporter-output>
          </reporter-output>
        </test-method> <!-- afterTest -->
      </class> <!-- testproject.testproject.AppTest2 -->
    </test> <!-- SingleTest -->
  </suite> <!-- Single -->
</testng-results>
